# JRE version: Java(TM) SE Runtime Environment (7.0_51-b13) (build 1.7.0_51-b13)
# Java VM: Java HotSpot(TM) 64-Bit Server VM (24.51-b03 mixed mode windows-amd64 compressed oops)
Heap
 PSYoungGen      total 16384K, used 5527K [0x00000000eb500000, 0x00000000ec680000, 0x0000000100000000)
  eden space 15872K, 34% used [0x00000000eb500000,0x00000000eba55d58,0x00000000ec480000)
  from space 512K, 12% used [0x00000000ec480000,0x00000000ec490000,0x00000000ec500000)
  to   space 1024K, 0% used [0x00000000ec580000,0x00000000ec580000,0x00000000ec680000)
 ParOldGen       total 41984K, used 1500K [0x00000000c2000000, 0x00000000c4900000, 0x00000000eb500000)
  object space 41984K, 3% used [0x00000000c2000000,0x00000000c21773d8,0x00000000c4900000)
 PSPermGen       total 21504K, used 9984K [0x00000000bce00000, 0x00000000be300000, 0x00000000c2000000)
  object space 21504K, 46% used [0x00000000bce00000,0x00000000bd7c0390,0x00000000be300000)
GC Heap History (10 events):
Event: 1606.882 GC heap before
{Heap before GC invocations=27 (full 0):
 PSYoungGen      total 17408K, used 15968K [0x00000000eb500000, 0x00000000ec780000, 0x0000000100000000)
  eden space 15872K, 100% used [0x00000000eb500000,0x00000000ec480000,0x00000000ec480000)
  from space 1536K, 6% used [0x00000000ec600000,0x00000000ec618000,0x00000000ec780000)
  to   space 1536K, 0% used [0x00000000ec480000,0x00000000ec480000,0x00000000ec600000)
 ParOldGen       total 41984K, used 1452K [0x00000000c2000000, 0x00000000c4900000, 0x00000000eb500000)
  object space 41984K, 3% used [0x00000000c2000000,0x00000000c216b3d8,0x00000000c4900000)
 PSPermGen       total 21504K, used 9966K [0x00000000bce00000, 0x00000000be300000, 0x00000000c2000000)
  object space 21504K, 46% used [0x00000000bce00000,0x00000000bd7bb838,0x00000000be300000)
Event: 1606.883 GC heap after
Heap after GC invocations=27 (full 0):
 PSYoungGen      total 17408K, used 96K [0x00000000eb500000, 0x00000000ec780000, 0x0000000100000000)
  eden space 15872K, 0% used [0x00000000eb500000,0x00000000eb500000,0x00000000ec480000)
  from space 1536K, 6% used [0x00000000ec480000,0x00000000ec498000,0x00000000ec600000)
  to   space 1536K, 0% used [0x00000000ec600000,0x00000000ec600000,0x00000000ec780000)
 ParOldGen       total 41984K, used 1460K [0x00000000c2000000, 0x00000000c4900000, 0x00000000eb500000)
  object space 41984K, 3% used [0x00000000c2000000,0x00000000c216d3d8,0x00000000c4900000)
 PSPermGen       total 21504K, used 9966K [0x00000000bce00000, 0x00000000be300000, 0x00000000c2000000)
  object space 21504K, 46% used [0x00000000bce00000,0x00000000bd7bb838,0x00000000be300000)
}
Event: 1607.875 GC heap before
{Heap before GC invocations=28 (full 0):
 PSYoungGen      total 17408K, used 15968K [0x00000000eb500000, 0x00000000ec780000, 0x0000000100000000)
  eden space 15872K, 100% used [0x00000000eb500000,0x00000000ec480000,0x00000000ec480000)
  from space 1536K, 6% used [0x00000000ec480000,0x00000000ec498000,0x00000000ec600000)
  to   space 1536K, 0% used [0x00000000ec600000,0x00000000ec600000,0x00000000ec780000)
 ParOldGen       total 41984K, used 1460K [0x00000000c2000000, 0x00000000c4900000, 0x00000000eb500000)
  object space 41984K, 3% used [0x00000000c2000000,0x00000000c216d3d8,0x00000000c4900000)
 PSPermGen       total 21504K, used 9966K [0x00000000bce00000, 0x00000000be300000, 0x00000000c2000000)
  object space 21504K, 46% used [0x00000000bce00000,0x00000000bd7bb838,0x00000000be300000)
Event: 1607.876 GC heap after
Heap after GC invocations=28 (full 0):
 PSYoungGen      total 17408K, used 64K [0x00000000eb500000, 0x00000000ec780000, 0x0000000100000000)
  eden space 15872K, 0% used [0x00000000eb500000,0x00000000eb500000,0x00000000ec480000)
  from space 1536K, 4% used [0x00000000ec600000,0x00000000ec610000,0x00000000ec780000)
  to   space 1536K, 0% used [0x00000000ec480000,0x00000000ec480000,0x00000000ec600000)
 ParOldGen       total 41984K, used 1468K [0x00000000c2000000, 0x00000000c4900000, 0x00000000eb500000)
  object space 41984K, 3% used [0x00000000c2000000,0x00000000c216f3d8,0x00000000c4900000)
 PSPermGen       total 21504K, used 9966K [0x00000000bce00000, 0x00000000be300000, 0x00000000c2000000)
  object space 21504K, 46% used [0x00000000bce00000,0x00000000bd7bb838,0x00000000be300000)
}
Event: 1608.858 GC heap before
{Heap before GC invocations=29 (full 0):
 PSYoungGen      total 17408K, used 15936K [0x00000000eb500000, 0x00000000ec780000, 0x0000000100000000)
  eden space 15872K, 100% used [0x00000000eb500000,0x00000000ec480000,0x00000000ec480000)
  from space 1536K, 4% used [0x00000000ec600000,0x00000000ec610000,0x00000000ec780000)
  to   space 1536K, 0% used [0x00000000ec480000,0x00000000ec480000,0x00000000ec600000)
 ParOldGen       total 41984K, used 1468K [0x00000000c2000000, 0x00000000c4900000, 0x00000000eb500000)
  object space 41984K, 3% used [0x00000000c2000000,0x00000000c216f3d8,0x00000000c4900000)
 PSPermGen       total 21504K, used 9966K [0x00000000bce00000, 0x00000000be300000, 0x00000000c2000000)
  object space 21504K, 46% used [0x00000000bce00000,0x00000000bd7bb838,0x00000000be300000)
Event: 1608.860 GC heap after
Heap after GC invocations=29 (full 0):
 PSYoungGen      total 17408K, used 96K [0x00000000eb500000, 0x00000000ec780000, 0x0000000100000000)
  eden space 15872K, 0% used [0x00000000eb500000,0x00000000eb500000,0x00000000ec480000)
  from space 1536K, 6% used [0x00000000ec480000,0x00000000ec498000,0x00000000ec600000)
  to   space 1536K, 0% used [0x00000000ec600000,0x00000000ec600000,0x00000000ec780000)
 ParOldGen       total 41984K, used 1484K [0x00000000c2000000, 0x00000000c4900000, 0x00000000eb500000)
  object space 41984K, 3% used [0x00000000c2000000,0x00000000c21733d8,0x00000000c4900000)
 PSPermGen       total 21504K, used 9966K [0x00000000bce00000, 0x00000000be300000, 0x00000000c2000000)
  object space 21504K, 46% used [0x00000000bce00000,0x00000000bd7bb838,0x00000000be300000)
}
Event: 1609.923 GC heap before
{Heap before GC invocations=30 (full 0):
 PSYoungGen      total 17408K, used 15968K [0x00000000eb500000, 0x00000000ec780000, 0x0000000100000000)
  eden space 15872K, 100% used [0x00000000eb500000,0x00000000ec480000,0x00000000ec480000)
  from space 1536K, 6% used [0x00000000ec480000,0x00000000ec498000,0x00000000ec600000)
  to   space 1536K, 0% used [0x00000000ec600000,0x00000000ec600000,0x00000000ec780000)
 ParOldGen       total 41984K, used 1484K [0x00000000c2000000, 0x00000000c4900000, 0x00000000eb500000)
  object space 41984K, 3% used [0x00000000c2000000,0x00000000c21733d8,0x00000000c4900000)
 PSPermGen       total 21504K, used 9972K [0x00000000bce00000, 0x00000000be300000, 0x00000000c2000000)
  object space 21504K, 46% used [0x00000000bce00000,0x00000000bd7bd120,0x00000000be300000)
Event: 1609.924 GC heap after
Heap after GC invocations=30 (full 0):
 PSYoungGen      total 17408K, used 96K [0x00000000eb500000, 0x00000000ec780000, 0x0000000100000000)
  eden space 15872K, 0% used [0x00000000eb500000,0x00000000eb500000,0x00000000ec480000)
  from space 1536K, 6% used [0x00000000ec600000,0x00000000ec618000,0x00000000ec780000)
  to   space 1536K, 0% used [0x00000000ec480000,0x00000000ec480000,0x00000000ec600000)
 ParOldGen       total 41984K, used 1492K [0x00000000c2000000, 0x00000000c4900000, 0x00000000eb500000)
  object space 41984K, 3% used [0x00000000c2000000,0x00000000c21753d8,0x00000000c4900000)
 PSPermGen       total 21504K, used 9972K [0x00000000bce00000, 0x00000000be300000, 0x00000000c2000000)
  object space 21504K, 46% used [0x00000000bce00000,0x00000000bd7bd120,0x00000000be300000)
}
Event: 1610.964 GC heap before
{Heap before GC invocations=31 (full 0):
 PSYoungGen      total 17408K, used 15968K [0x00000000eb500000, 0x00000000ec780000, 0x0000000100000000)
  eden space 15872K, 100% used [0x00000000eb500000,0x00000000ec480000,0x00000000ec480000)
  from space 1536K, 6% used [0x00000000ec600000,0x00000000ec618000,0x00000000ec780000)
  to   space 1536K, 0% used [0x00000000ec480000,0x00000000ec480000,0x00000000ec600000)
 ParOldGen       total 41984K, used 1492K [0x00000000c2000000, 0x00000000c4900000, 0x00000000eb500000)
  object space 41984K, 3% used [0x00000000c2000000,0x00000000c21753d8,0x00000000c4900000)
 PSPermGen       total 21504K, used 9976K [0x00000000bce00000, 0x00000000be300000, 0x00000000c2000000)
  object space 21504K, 46% used [0x00000000bce00000,0x00000000bd7be0f8,0x00000000be300000)
Event: 1610.966 GC heap after
Heap after GC invocations=31 (full 0):
 PSYoungGen      total 16384K, used 64K [0x00000000eb500000, 0x00000000ec680000, 0x0000000100000000)
  eden space 15872K, 0% used [0x00000000eb500000,0x00000000eb500000,0x00000000ec480000)
  from space 512K, 12% used [0x00000000ec480000,0x00000000ec490000,0x00000000ec500000)
  to   space 1024K, 0% used [0x00000000ec580000,0x00000000ec580000,0x00000000ec680000)
 ParOldGen       total 41984K, used 1500K [0x00000000c2000000, 0x00000000c4900000, 0x00000000eb500000)
  object space 41984K, 3% used [0x00000000c2000000,0x00000000c21773d8,0x00000000c4900000)
 PSPermGen       total 21504K, used 9976K [0x00000000bce00000, 0x00000000be300000, 0x00000000c2000000)
  object space 21504K, 46% used [0x00000000bce00000,0x00000000bd7be0f8,0x00000000be300000)
}

